2025-08-23 00:00:15 [INFO] bot.core.logging_config (logging_config.py:115) - Logging configured (console=INFO, file=ENABLED)
2025-08-23 00:00:16 [INFO] bot.core.logging_config (logging_config.py:115) - Logging configured (console=INFO, file=ENABLED)
2025-08-23 00:00:16 [INFO] bot.core.user_tracker (user_tracker.py:178) - User tracking middleware registered for all update types
2025-08-23 00:00:16 [INFO] bot.features.global_enforcement (global_enforcement.py:278) - Global enforcement handlers registered
2025-08-23 00:00:16 [INFO] bot.core.private_handler (private_handler.py:211) - Private message handler registered
2025-08-23 00:00:16 [INFO] bot.core.command_handler (command_handler.py:169) - Command handlers registered
2025-08-23 00:00:16 [INFO] bot.core.error_handler (error_handler.py:229) - Error handlers configured
2025-08-23 00:00:16 [INFO] bot.core.backup (backup.py:231) - Backup schedule configured (every 24 hours, first in 1 minute)
2025-08-23 00:00:17 [INFO] bot.features.antispam.handlers (handlers.py:393) - Found usernames in message: ['@altmemy19']
2025-08-23 00:00:17 [INFO] bot.features.antispam.handlers (handlers.py:444) - Checking username: @altmemy19
2025-08-23 00:00:17 [INFO] bot.features.antispam.handlers (handlers.py:490) - Adding @altmemy19 to filtered list for policy check
2025-08-23 00:00:17 [INFO] bot.features.antispam.handlers (handlers.py:528) - Processing filtered usernames: ['@altmemy19']
2025-08-23 00:00:17 [INFO] bot.features.antispam.handlers (handlers.py:532) - Username policy for @altmemy19: None
2025-08-23 00:00:17 [INFO] bot.features.antispam.handlers (handlers.py:543) - Block all is enabled, action for @altmemy19: warn
2025-08-23 00:00:17 [INFO] bot.features.antispam.handlers (handlers.py:550) - Taking action: warn for user 7656238434
2025-08-23 00:01:16 [INFO] bot.core.backup (backup.py:147) - Starting scheduled backup
2025-08-23 00:01:16 [INFO] bot.core.backup (backup.py:46) - Creating backup: bot_backup_20250822_220116.db
2025-08-23 00:01:16 [INFO] bot.core.backup (backup.py:63) - Backup created: bot_backup_20250822_220116.db.gz (compressed 96.0%, 68.0 KB → 2.7 KB)
2025-08-23 00:01:16 [INFO] bot.core.backup (backup.py:121) - Backup sent to admin 154732616
2025-08-23 00:01:16 [INFO] bot.core.backup (backup.py:128) - Backup sent to 1 admin(s)
2025-08-23 00:01:16 [INFO] bot.core.backup (backup.py:172) - Backup cycle completed
2025-08-23 00:06:24 [INFO] bot.core.logging_config (logging_config.py:115) - Logging configured (console=INFO, file=ENABLED)
2025-08-23 00:06:24 [INFO] bot.core.logging_config (logging_config.py:115) - Logging configured (console=INFO, file=ENABLED)
2025-08-23 00:06:24 [INFO] bot.core.user_tracker (user_tracker.py:178) - User tracking middleware registered for all update types
2025-08-23 00:06:24 [INFO] bot.features.global_enforcement (global_enforcement.py:278) - Global enforcement handlers registered
2025-08-23 00:06:24 [INFO] bot.core.private_handler (private_handler.py:211) - Private message handler registered
2025-08-23 00:06:24 [INFO] bot.core.command_handler (command_handler.py:169) - Command handlers registered
2025-08-23 00:06:24 [INFO] bot.core.error_handler (error_handler.py:229) - Error handlers configured
2025-08-23 00:06:24 [INFO] bot.core.backup (backup.py:231) - Backup schedule configured (every 24 hours, first in 1 minute)
2025-08-23 00:06:36 [INFO] bot.features.antispam.handlers (handlers.py:393) - Found usernames in message: ['@altmemy19']
2025-08-23 00:06:36 [INFO] bot.features.antispam.handlers (handlers.py:444) - Checking username: @altmemy19
2025-08-23 00:06:36 [INFO] bot.features.antispam.handlers (handlers.py:464) - Looking up username altmemy19 in database
2025-08-23 00:06:36 [INFO] bot.features.antispam.handlers (handlers.py:469) - Executing database query for username: altmemy19
2025-08-23 00:06:36 [ERROR] bot.features.antispam.handlers (handlers.py:490) - Error checking user database for @altmemy19: (sqlite3.OperationalError) no such column: user_id
[SQL: SELECT user_id FROM users WHERE LOWER(username) = LOWER(?)]
[parameters: ('altmemy19',)]
(Background on this error at: https://sqlalche.me/e/20/e3q8)
2025-08-23 00:06:36 [INFO] bot.features.antispam.handlers (handlers.py:494) - Adding @altmemy19 to filtered list for policy check
2025-08-23 00:06:36 [INFO] bot.features.antispam.handlers (handlers.py:534) - Processing filtered usernames: ['@altmemy19']
2025-08-23 00:06:36 [INFO] bot.features.antispam.handlers (handlers.py:538) - Username policy for @altmemy19: None
2025-08-23 00:06:36 [INFO] bot.features.antispam.handlers (handlers.py:549) - Block all is enabled, action for @altmemy19: warn
2025-08-23 00:06:36 [INFO] bot.features.antispam.handlers (handlers.py:556) - Taking action: warn for user 7656238434
2025-08-23 00:07:24 [INFO] bot.core.backup (backup.py:147) - Starting scheduled backup
2025-08-23 00:07:24 [INFO] bot.core.backup (backup.py:46) - Creating backup: bot_backup_20250822_220724.db
2025-08-23 00:07:24 [INFO] bot.core.backup (backup.py:63) - Backup created: bot_backup_20250822_220724.db.gz (compressed 96.0%, 68.0 KB → 2.7 KB)
2025-08-23 00:07:24 [INFO] bot.core.backup (backup.py:121) - Backup sent to admin 154732616
2025-08-23 00:07:24 [INFO] bot.core.backup (backup.py:128) - Backup sent to 1 admin(s)
2025-08-23 00:07:24 [INFO] bot.core.backup (backup.py:172) - Backup cycle completed
2025-08-23 00:13:21 [INFO] bot.core.logging_config (logging_config.py:115) - Logging configured (console=INFO, file=ENABLED)
2025-08-23 00:13:21 [INFO] bot.core.logging_config (logging_config.py:115) - Logging configured (console=INFO, file=ENABLED)
2025-08-23 00:13:21 [INFO] bot.core.user_tracker (user_tracker.py:178) - User tracking middleware registered for all update types
2025-08-23 00:13:21 [INFO] bot.features.global_enforcement (global_enforcement.py:278) - Global enforcement handlers registered
2025-08-23 00:13:21 [INFO] bot.core.private_handler (private_handler.py:211) - Private message handler registered
2025-08-23 00:13:21 [INFO] bot.core.command_handler (command_handler.py:169) - Command handlers registered
2025-08-23 00:13:21 [INFO] bot.core.error_handler (error_handler.py:229) - Error handlers configured
2025-08-23 00:13:21 [INFO] bot.core.backup (backup.py:231) - Backup schedule configured (every 24 hours, first in 1 minute)
2025-08-23 00:13:29 [INFO] bot.features.antispam.handlers (handlers.py:400) - Found usernames in message: ['@altmemy19']
2025-08-23 00:13:29 [INFO] bot.features.antispam.handlers (handlers.py:451) - Checking username: @altmemy19
2025-08-23 00:13:29 [INFO] bot.features.antispam.handlers (handlers.py:489) - Checking if altmemy19 is a group member (not in cache)
2025-08-23 00:13:29 [INFO] bot.features.antispam.handlers (handlers.py:504) - Could not verify @altmemy19 membership (user not known to bot): Invalid user_id specified
2025-08-23 00:13:29 [INFO] bot.features.antispam.handlers (handlers.py:508) - Adding @altmemy19 to filtered list for policy check
2025-08-23 00:13:29 [INFO] bot.features.antispam.handlers (handlers.py:548) - Processing filtered usernames: ['@altmemy19']
2025-08-23 00:13:29 [INFO] bot.features.antispam.handlers (handlers.py:552) - Username policy for @altmemy19: None
2025-08-23 00:13:29 [INFO] bot.features.antispam.handlers (handlers.py:563) - Block all is enabled, action for @altmemy19: warn
2025-08-23 00:13:29 [INFO] bot.features.antispam.handlers (handlers.py:570) - Taking action: warn for user 7656238434
2025-08-23 00:14:21 [INFO] bot.core.backup (backup.py:147) - Starting scheduled backup
2025-08-23 00:14:21 [INFO] bot.core.backup (backup.py:46) - Creating backup: bot_backup_20250822_221421.db
2025-08-23 00:14:21 [INFO] bot.core.backup (backup.py:63) - Backup created: bot_backup_20250822_221421.db.gz (compressed 95.7%, 68.0 KB → 2.9 KB)
2025-08-23 00:14:21 [INFO] bot.core.backup (backup.py:121) - Backup sent to admin 154732616
2025-08-23 00:14:21 [INFO] bot.core.backup (backup.py:128) - Backup sent to 1 admin(s)
2025-08-23 00:14:21 [INFO] bot.core.backup (backup.py:172) - Backup cycle completed
2025-08-23 00:30:45 [INFO] bot.core.logging_config (logging_config.py:115) - Logging configured (console=INFO, file=ENABLED)
2025-08-23 00:30:45 [INFO] bot.core.logging_config (logging_config.py:115) - Logging configured (console=INFO, file=ENABLED)
2025-08-23 00:30:45 [INFO] bot.core.user_tracker (user_tracker.py:178) - User tracking middleware registered for all update types
2025-08-23 00:30:45 [INFO] bot.features.global_enforcement (global_enforcement.py:278) - Global enforcement handlers registered
2025-08-23 00:30:45 [INFO] bot.core.private_handler (private_handler.py:211) - Private message handler registered
2025-08-23 00:30:45 [INFO] bot.core.command_handler (command_handler.py:169) - Command handlers registered
2025-08-23 00:30:45 [INFO] bot.core.error_handler (error_handler.py:229) - Error handlers configured
2025-08-23 00:30:45 [INFO] bot.core.backup (backup.py:231) - Backup schedule configured (every 24 hours, first in 1 minute)
2025-08-23 00:31:30 [INFO] bot.features.antispam.handlers (handlers.py:498) - Cannot verify membership for plain mention @altmemy19 (no user_id available)
2025-08-23 00:31:30 [INFO] bot.features.antispam.handlers (handlers.py:559) - No action needed, decided_action: None
2025-08-23 00:31:42 [INFO] bot.features.antispam.handlers (handlers.py:498) - Cannot verify membership for plain mention @altmemy1 (no user_id available)
2025-08-23 00:31:42 [INFO] bot.features.antispam.handlers (handlers.py:559) - No action needed, decided_action: None
2025-08-23 00:31:45 [INFO] bot.core.backup (backup.py:147) - Starting scheduled backup
2025-08-23 00:31:45 [INFO] bot.core.backup (backup.py:46) - Creating backup: bot_backup_20250822_223145.db
2025-08-23 00:31:45 [INFO] bot.core.backup (backup.py:63) - Backup created: bot_backup_20250822_223145.db.gz (compressed 95.7%, 68.0 KB → 2.9 KB)
2025-08-23 00:31:45 [INFO] bot.core.backup (backup.py:121) - Backup sent to admin 154732616
2025-08-23 00:31:45 [INFO] bot.core.backup (backup.py:128) - Backup sent to 1 admin(s)
2025-08-23 00:31:45 [INFO] bot.core.backup (backup.py:172) - Backup cycle completed
2025-08-23 01:00:20 [INFO] bot.core.logging_config (logging_config.py:115) - Logging configured (console=INFO, file=ENABLED)
2025-08-23 01:00:20 [INFO] bot.core.logging_config (logging_config.py:115) - Logging configured (console=INFO, file=ENABLED)
2025-08-23 01:00:20 [INFO] bot.core.user_tracker (user_tracker.py:178) - User tracking middleware registered for all update types
2025-08-23 01:00:20 [INFO] bot.features.global_enforcement (global_enforcement.py:278) - Global enforcement handlers registered
2025-08-23 01:00:20 [INFO] bot.core.private_handler (private_handler.py:211) - Private message handler registered
2025-08-23 01:00:20 [INFO] bot.core.command_handler (command_handler.py:169) - Command handlers registered
2025-08-23 01:00:20 [INFO] bot.core.error_handler (error_handler.py:229) - Error handlers configured
2025-08-23 01:00:20 [INFO] bot.core.backup (backup.py:231) - Backup schedule configured (every 24 hours, first in 1 minute)
2025-08-23 01:00:52 [WARNING] bot.core.command_handler (command_handler.py:136) - Command /panel exists but no handler registered
2025-08-23 01:01:20 [INFO] bot.core.backup (backup.py:147) - Starting scheduled backup
2025-08-23 01:01:20 [INFO] bot.core.backup (backup.py:46) - Creating backup: bot_backup_20250822_230120.db
2025-08-23 01:01:20 [INFO] bot.core.backup (backup.py:63) - Backup created: bot_backup_20250822_230120.db.gz (compressed 95.7%, 68.0 KB → 2.9 KB)
2025-08-23 01:01:20 [INFO] bot.core.backup (backup.py:121) - Backup sent to admin 154732616
2025-08-23 01:01:20 [INFO] bot.core.backup (backup.py:128) - Backup sent to 1 admin(s)
2025-08-23 01:01:20 [INFO] bot.core.backup (backup.py:172) - Backup cycle completed
2025-08-23 01:34:56 [INFO] bot.core.logging_config (logging_config.py:115) - Logging configured (console=INFO, file=ENABLED)
2025-08-23 01:34:56 [INFO] bot.core.logging_config (logging_config.py:115) - Logging configured (console=INFO, file=ENABLED)
2025-08-23 01:34:56 [INFO] bot.core.user_tracker (user_tracker.py:178) - User tracking middleware registered for all update types
2025-08-23 01:34:56 [INFO] bot.features.global_enforcement (global_enforcement.py:278) - Global enforcement handlers registered
2025-08-23 01:34:56 [INFO] bot.core.private_handler (private_handler.py:211) - Private message handler registered
2025-08-23 01:34:56 [INFO] bot.core.command_handler (command_handler.py:169) - Command handlers registered
2025-08-23 01:34:56 [INFO] bot.core.error_handler (error_handler.py:229) - Error handlers configured
2025-08-23 01:34:56 [INFO] bot.core.backup (backup.py:231) - Backup schedule configured (every 24 hours, first in 1 minute)
2025-08-23 01:35:13 [INFO] bot.features.onboarding.handlers (handlers.py:105) - Processing join request for user 7656238434 in group -1001910797070 (Test 2)
2025-08-23 01:35:13 [INFO] bot.features.onboarding.handlers (handlers.py:118) - Join settings for -1001910797070: auto_approve=True, require_accept=False
2025-08-23 01:35:13 [INFO] bot.features.onboarding.handlers (handlers.py:188) - Auto-approve is enabled for -1001910797070, approving user 7656238434
2025-08-23 01:35:14 [INFO] bot.features.onboarding.handlers (handlers.py:225) - Approved join request for user 7656238434 in group -1001910797070
2025-08-23 01:35:24 [WARNING] bot.core.command_handler (command_handler.py:136) - Command /start exists but no handler registered
2025-08-23 01:35:37 [INFO] bot.features.onboarding.handlers (handlers.py:411) - Tracked user interaction via rules accept callback: user 7656238434 for group -1001910797070
2025-08-23 01:35:56 [INFO] bot.core.backup (backup.py:147) - Starting scheduled backup
2025-08-23 01:35:56 [INFO] bot.core.backup (backup.py:46) - Creating backup: bot_backup_20250822_233556.db
2025-08-23 01:35:56 [INFO] bot.core.backup (backup.py:63) - Backup created: bot_backup_20250822_233556.db.gz (compressed 95.7%, 68.0 KB → 2.9 KB)
2025-08-23 01:35:56 [INFO] bot.core.backup (backup.py:121) - Backup sent to admin 154732616
2025-08-23 01:35:56 [INFO] bot.core.backup (backup.py:128) - Backup sent to 1 admin(s)
2025-08-23 01:35:56 [INFO] bot.core.backup (backup.py:172) - Backup cycle completed
2025-08-23 01:36:12 [INFO] bot.features.onboarding.handlers (handlers.py:105) - Processing join request for user 2022201227 in group -1001910797070 (Test 2)
2025-08-23 01:36:12 [INFO] bot.features.onboarding.handlers (handlers.py:118) - Join settings for -1001910797070: auto_approve=True, require_accept=False
2025-08-23 01:36:12 [INFO] bot.features.onboarding.handlers (handlers.py:188) - Auto-approve is enabled for -1001910797070, approving user 2022201227
2025-08-23 01:36:13 [INFO] bot.features.onboarding.handlers (handlers.py:225) - Approved join request for user 2022201227 in group -1001910797070
2025-08-23 01:36:25 [WARNING] bot.core.command_handler (command_handler.py:136) - Command /start exists but no handler registered
2025-08-23 01:36:26 [INFO] bot.features.onboarding.handlers (handlers.py:411) - Tracked user interaction via rules accept callback: user 2022201227 for group -1001910797070
2025-08-23 01:37:32 [ERROR] bot.core.error_handler (error_handler.py:51) - Exception while handling an update:
Traceback (most recent call last):
  File "/home/altmemy/.local/lib/python3.13/site-packages/httpx/_transports/default.py", line 101, in map_httpcore_exceptions
    yield
  File "/home/altmemy/.local/lib/python3.13/site-packages/httpx/_transports/default.py", line 394, in handle_async_request
    resp = await self._pool.handle_async_request(req)
           ^^^^^^^^^^^^^^^^^^^^^^^^^^^^^^^^^^^^^^^^^^
  File "/home/altmemy/.local/lib/python3.13/site-packages/httpcore/_async/connection_pool.py", line 256, in handle_async_request
    raise exc from None
  File "/home/altmemy/.local/lib/python3.13/site-packages/httpcore/_async/connection_pool.py", line 236, in handle_async_request
    response = await connection.handle_async_request(
               ^^^^^^^^^^^^^^^^^^^^^^^^^^^^^^^^^^^^^^
        pool_request.request
        ^^^^^^^^^^^^^^^^^^^^
    )
    ^
  File "/home/altmemy/.local/lib/python3.13/site-packages/httpcore/_async/connection.py", line 101, in handle_async_request
    raise exc
  File "/home/altmemy/.local/lib/python3.13/site-packages/httpcore/_async/connection.py", line 78, in handle_async_request
    stream = await self._connect(request)
             ^^^^^^^^^^^^^^^^^^^^^^^^^^^^
  File "/home/altmemy/.local/lib/python3.13/site-packages/httpcore/_async/connection.py", line 124, in _connect
    stream = await self._network_backend.connect_tcp(**kwargs)
             ^^^^^^^^^^^^^^^^^^^^^^^^^^^^^^^^^^^^^^^^^^^^^^^^^
  File "/home/altmemy/.local/lib/python3.13/site-packages/httpcore/_backends/auto.py", line 31, in connect_tcp
    return await self._backend.connect_tcp(
           ^^^^^^^^^^^^^^^^^^^^^^^^^^^^^^^^
    ...<5 lines>...
    )
    ^
  File "/home/altmemy/.local/lib/python3.13/site-packages/httpcore/_backends/anyio.py", line 113, in connect_tcp
    with map_exceptions(exc_map):
         ~~~~~~~~~~~~~~^^^^^^^^^
  File "/usr/lib64/python3.13/contextlib.py", line 162, in __exit__
    self.gen.throw(value)
    ~~~~~~~~~~~~~~^^^^^^^
  File "/home/altmemy/.local/lib/python3.13/site-packages/httpcore/_exceptions.py", line 14, in map_exceptions
    raise to_exc(exc) from exc
httpcore.ConnectError: [Errno -2] Name or service not known

The above exception was the direct cause of the following exception:

Traceback (most recent call last):
  File "/home/altmemy/.local/lib/python3.13/site-packages/telegram/request/_httpxrequest.py", line 273, in do_request
    res = await self._client.request(
          ^^^^^^^^^^^^^^^^^^^^^^^^^^^
    ...<6 lines>...
    )
    ^
  File "/home/altmemy/.local/lib/python3.13/site-packages/httpx/_client.py", line 1540, in request
    return await self.send(request, auth=auth, follow_redirects=follow_redirects)
           ^^^^^^^^^^^^^^^^^^^^^^^^^^^^^^^^^^^^^^^^^^^^^^^^^^^^^^^^^^^^^^^^^^^^^^
  File "/home/altmemy/.local/lib/python3.13/site-packages/httpx/_client.py", line 1629, in send
    response = await self._send_handling_auth(
               ^^^^^^^^^^^^^^^^^^^^^^^^^^^^^^^
    ...<4 lines>...
    )
    ^
  File "/home/altmemy/.local/lib/python3.13/site-packages/httpx/_client.py", line 1657, in _send_handling_auth
    response = await self._send_handling_redirects(
               ^^^^^^^^^^^^^^^^^^^^^^^^^^^^^^^^^^^^
    ...<3 lines>...
    )
    ^
  File "/home/altmemy/.local/lib/python3.13/site-packages/httpx/_client.py", line 1694, in _send_handling_redirects
    response = await self._send_single_request(request)
               ^^^^^^^^^^^^^^^^^^^^^^^^^^^^^^^^^^^^^^^^
  File "/home/altmemy/.local/lib/python3.13/site-packages/httpx/_client.py", line 1730, in _send_single_request
    response = await transport.handle_async_request(request)
               ^^^^^^^^^^^^^^^^^^^^^^^^^^^^^^^^^^^^^^^^^^^^^
  File "/home/altmemy/.local/lib/python3.13/site-packages/httpx/_transports/default.py", line 393, in handle_async_request
    with map_httpcore_exceptions():
         ~~~~~~~~~~~~~~~~~~~~~~~^^
  File "/usr/lib64/python3.13/contextlib.py", line 162, in __exit__
    self.gen.throw(value)
    ~~~~~~~~~~~~~~^^^^^^^
  File "/home/altmemy/.local/lib/python3.13/site-packages/httpx/_transports/default.py", line 118, in map_httpcore_exceptions
    raise mapped_exc(message) from exc
httpx.ConnectError: [Errno -2] Name or service not known

The above exception was the direct cause of the following exception:

Traceback (most recent call last):
  File "/home/altmemy/.local/lib/python3.13/site-packages/telegram/ext/_utils/networkloop.py", line 115, in network_retry_loop
    if not await do_action():
           ^^^^^^^^^^^^^^^^^
  File "/home/altmemy/.local/lib/python3.13/site-packages/telegram/ext/_utils/networkloop.py", line 108, in do_action
    return action_cb_task.result()
           ~~~~~~~~~~~~~~~~~~~~~^^
  File "/home/altmemy/.local/lib/python3.13/site-packages/telegram/ext/_updater.py", line 340, in polling_action_cb
    updates = await self.bot.get_updates(
              ^^^^^^^^^^^^^^^^^^^^^^^^^^^
    ...<3 lines>...
    )
    ^
  File "/home/altmemy/.local/lib/python3.13/site-packages/telegram/ext/_extbot.py", line 670, in get_updates
    updates = await super().get_updates(
              ^^^^^^^^^^^^^^^^^^^^^^^^^^
    ...<9 lines>...
    )
    ^
  File "/home/altmemy/.local/lib/python3.13/site-packages/telegram/_bot.py", line 4611, in get_updates
    await self._post(
    ^^^^^^^^^^^^^^^^^
    ...<7 lines>...
    ),
    ^
  File "/home/altmemy/.local/lib/python3.13/site-packages/telegram/_bot.py", line 698, in _post
    return await self._do_post(
           ^^^^^^^^^^^^^^^^^^^^
    ...<6 lines>...
    )
    ^
  File "/home/altmemy/.local/lib/python3.13/site-packages/telegram/ext/_extbot.py", line 370, in _do_post
    return await super()._do_post(
           ^^^^^^^^^^^^^^^^^^^^^^^
    ...<6 lines>...
    )
    ^
  File "/home/altmemy/.local/lib/python3.13/site-packages/telegram/_bot.py", line 727, in _do_post
    result = await request.post(
             ^^^^^^^^^^^^^^^^^^^
    ...<6 lines>...
    )
    ^
  File "/home/altmemy/.local/lib/python3.13/site-packages/telegram/request/_baserequest.py", line 197, in post
    result = await self._request_wrapper(
             ^^^^^^^^^^^^^^^^^^^^^^^^^^^^
    ...<7 lines>...
    )
    ^
  File "/home/altmemy/.local/lib/python3.13/site-packages/telegram/request/_baserequest.py", line 304, in _request_wrapper
    code, payload = await self.do_request(
                    ^^^^^^^^^^^^^^^^^^^^^^
    ...<7 lines>...
    )
    ^
  File "/home/altmemy/.local/lib/python3.13/site-packages/telegram/request/_httpxrequest.py", line 297, in do_request
    raise NetworkError(f"httpx.{err.__class__.__name__}: {err}") from err
telegram.error.NetworkError: httpx.ConnectError: [Errno -2] Name or service not known
2025-08-23 01:37:32 [ERROR] bot.core.error_handler (error_handler.py:186) - Could not send error to admin 154732616: httpx.ConnectError: [Errno -2] Name or service not known
2025-08-23 01:37:33 [ERROR] bot.core.error_handler (error_handler.py:51) - Exception while handling an update:
Traceback (most recent call last):
  File "/home/altmemy/.local/lib/python3.13/site-packages/httpx/_transports/default.py", line 101, in map_httpcore_exceptions
    yield
  File "/home/altmemy/.local/lib/python3.13/site-packages/httpx/_transports/default.py", line 394, in handle_async_request
    resp = await self._pool.handle_async_request(req)
           ^^^^^^^^^^^^^^^^^^^^^^^^^^^^^^^^^^^^^^^^^^
  File "/home/altmemy/.local/lib/python3.13/site-packages/httpcore/_async/connection_pool.py", line 256, in handle_async_request
    raise exc from None
  File "/home/altmemy/.local/lib/python3.13/site-packages/httpcore/_async/connection_pool.py", line 236, in handle_async_request
    response = await connection.handle_async_request(
               ^^^^^^^^^^^^^^^^^^^^^^^^^^^^^^^^^^^^^^
        pool_request.request
        ^^^^^^^^^^^^^^^^^^^^
    )
    ^
  File "/home/altmemy/.local/lib/python3.13/site-packages/httpcore/_async/connection.py", line 101, in handle_async_request
    raise exc
  File "/home/altmemy/.local/lib/python3.13/site-packages/httpcore/_async/connection.py", line 78, in handle_async_request
    stream = await self._connect(request)
             ^^^^^^^^^^^^^^^^^^^^^^^^^^^^
  File "/home/altmemy/.local/lib/python3.13/site-packages/httpcore/_async/connection.py", line 124, in _connect
    stream = await self._network_backend.connect_tcp(**kwargs)
             ^^^^^^^^^^^^^^^^^^^^^^^^^^^^^^^^^^^^^^^^^^^^^^^^^
  File "/home/altmemy/.local/lib/python3.13/site-packages/httpcore/_backends/auto.py", line 31, in connect_tcp
    return await self._backend.connect_tcp(
           ^^^^^^^^^^^^^^^^^^^^^^^^^^^^^^^^
    ...<5 lines>...
    )
    ^
  File "/home/altmemy/.local/lib/python3.13/site-packages/httpcore/_backends/anyio.py", line 113, in connect_tcp
    with map_exceptions(exc_map):
         ~~~~~~~~~~~~~~^^^^^^^^^
  File "/usr/lib64/python3.13/contextlib.py", line 162, in __exit__
    self.gen.throw(value)
    ~~~~~~~~~~~~~~^^^^^^^
  File "/home/altmemy/.local/lib/python3.13/site-packages/httpcore/_exceptions.py", line 14, in map_exceptions
    raise to_exc(exc) from exc
httpcore.ConnectError: [Errno -2] Name or service not known

The above exception was the direct cause of the following exception:

Traceback (most recent call last):
  File "/home/altmemy/.local/lib/python3.13/site-packages/telegram/request/_httpxrequest.py", line 273, in do_request
    res = await self._client.request(
          ^^^^^^^^^^^^^^^^^^^^^^^^^^^
    ...<6 lines>...
    )
    ^
  File "/home/altmemy/.local/lib/python3.13/site-packages/httpx/_client.py", line 1540, in request
    return await self.send(request, auth=auth, follow_redirects=follow_redirects)
           ^^^^^^^^^^^^^^^^^^^^^^^^^^^^^^^^^^^^^^^^^^^^^^^^^^^^^^^^^^^^^^^^^^^^^^
  File "/home/altmemy/.local/lib/python3.13/site-packages/httpx/_client.py", line 1629, in send
    response = await self._send_handling_auth(
               ^^^^^^^^^^^^^^^^^^^^^^^^^^^^^^^
    ...<4 lines>...
    )
    ^
  File "/home/altmemy/.local/lib/python3.13/site-packages/httpx/_client.py", line 1657, in _send_handling_auth
    response = await self._send_handling_redirects(
               ^^^^^^^^^^^^^^^^^^^^^^^^^^^^^^^^^^^^
    ...<3 lines>...
    )
    ^
  File "/home/altmemy/.local/lib/python3.13/site-packages/httpx/_client.py", line 1694, in _send_handling_redirects
    response = await self._send_single_request(request)
               ^^^^^^^^^^^^^^^^^^^^^^^^^^^^^^^^^^^^^^^^
  File "/home/altmemy/.local/lib/python3.13/site-packages/httpx/_client.py", line 1730, in _send_single_request
    response = await transport.handle_async_request(request)
               ^^^^^^^^^^^^^^^^^^^^^^^^^^^^^^^^^^^^^^^^^^^^^
  File "/home/altmemy/.local/lib/python3.13/site-packages/httpx/_transports/default.py", line 393, in handle_async_request
    with map_httpcore_exceptions():
         ~~~~~~~~~~~~~~~~~~~~~~~^^
  File "/usr/lib64/python3.13/contextlib.py", line 162, in __exit__
    self.gen.throw(value)
    ~~~~~~~~~~~~~~^^^^^^^
  File "/home/altmemy/.local/lib/python3.13/site-packages/httpx/_transports/default.py", line 118, in map_httpcore_exceptions
    raise mapped_exc(message) from exc
httpx.ConnectError: [Errno -2] Name or service not known

The above exception was the direct cause of the following exception:

Traceback (most recent call last):
  File "/home/altmemy/.local/lib/python3.13/site-packages/telegram/ext/_utils/networkloop.py", line 115, in network_retry_loop
    if not await do_action():
           ^^^^^^^^^^^^^^^^^
  File "/home/altmemy/.local/lib/python3.13/site-packages/telegram/ext/_utils/networkloop.py", line 108, in do_action
    return action_cb_task.result()
           ~~~~~~~~~~~~~~~~~~~~~^^
  File "/home/altmemy/.local/lib/python3.13/site-packages/telegram/ext/_updater.py", line 340, in polling_action_cb
    updates = await self.bot.get_updates(
              ^^^^^^^^^^^^^^^^^^^^^^^^^^^
    ...<3 lines>...
    )
    ^
  File "/home/altmemy/.local/lib/python3.13/site-packages/telegram/ext/_extbot.py", line 670, in get_updates
    updates = await super().get_updates(
              ^^^^^^^^^^^^^^^^^^^^^^^^^^
    ...<9 lines>...
    )
    ^
  File "/home/altmemy/.local/lib/python3.13/site-packages/telegram/_bot.py", line 4611, in get_updates
    await self._post(
    ^^^^^^^^^^^^^^^^^
    ...<7 lines>...
    ),
    ^
  File "/home/altmemy/.local/lib/python3.13/site-packages/telegram/_bot.py", line 698, in _post
    return await self._do_post(
           ^^^^^^^^^^^^^^^^^^^^
    ...<6 lines>...
    )
    ^
  File "/home/altmemy/.local/lib/python3.13/site-packages/telegram/ext/_extbot.py", line 370, in _do_post
    return await super()._do_post(
           ^^^^^^^^^^^^^^^^^^^^^^^
    ...<6 lines>...
    )
    ^
  File "/home/altmemy/.local/lib/python3.13/site-packages/telegram/_bot.py", line 727, in _do_post
    result = await request.post(
             ^^^^^^^^^^^^^^^^^^^
    ...<6 lines>...
    )
    ^
  File "/home/altmemy/.local/lib/python3.13/site-packages/telegram/request/_baserequest.py", line 197, in post
    result = await self._request_wrapper(
             ^^^^^^^^^^^^^^^^^^^^^^^^^^^^
    ...<7 lines>...
    )
    ^
  File "/home/altmemy/.local/lib/python3.13/site-packages/telegram/request/_baserequest.py", line 304, in _request_wrapper
    code, payload = await self.do_request(
                    ^^^^^^^^^^^^^^^^^^^^^^
    ...<7 lines>...
    )
    ^
  File "/home/altmemy/.local/lib/python3.13/site-packages/telegram/request/_httpxrequest.py", line 297, in do_request
    raise NetworkError(f"httpx.{err.__class__.__name__}: {err}") from err
telegram.error.NetworkError: httpx.ConnectError: [Errno -2] Name or service not known
2025-08-23 01:37:33 [ERROR] bot.core.error_handler (error_handler.py:186) - Could not send error to admin 154732616: httpx.ConnectError: [Errno -2] Name or service not known
2025-08-23 01:37:35 [ERROR] bot.core.error_handler (error_handler.py:51) - Exception while handling an update:
Traceback (most recent call last):
  File "/home/altmemy/.local/lib/python3.13/site-packages/httpx/_transports/default.py", line 101, in map_httpcore_exceptions
    yield
  File "/home/altmemy/.local/lib/python3.13/site-packages/httpx/_transports/default.py", line 394, in handle_async_request
    resp = await self._pool.handle_async_request(req)
           ^^^^^^^^^^^^^^^^^^^^^^^^^^^^^^^^^^^^^^^^^^
  File "/home/altmemy/.local/lib/python3.13/site-packages/httpcore/_async/connection_pool.py", line 256, in handle_async_request
    raise exc from None
  File "/home/altmemy/.local/lib/python3.13/site-packages/httpcore/_async/connection_pool.py", line 236, in handle_async_request
    response = await connection.handle_async_request(
               ^^^^^^^^^^^^^^^^^^^^^^^^^^^^^^^^^^^^^^
        pool_request.request
        ^^^^^^^^^^^^^^^^^^^^
    )
    ^
  File "/home/altmemy/.local/lib/python3.13/site-packages/httpcore/_async/connection.py", line 101, in handle_async_request
    raise exc
  File "/home/altmemy/.local/lib/python3.13/site-packages/httpcore/_async/connection.py", line 78, in handle_async_request
    stream = await self._connect(request)
             ^^^^^^^^^^^^^^^^^^^^^^^^^^^^
  File "/home/altmemy/.local/lib/python3.13/site-packages/httpcore/_async/connection.py", line 124, in _connect
    stream = await self._network_backend.connect_tcp(**kwargs)
             ^^^^^^^^^^^^^^^^^^^^^^^^^^^^^^^^^^^^^^^^^^^^^^^^^
  File "/home/altmemy/.local/lib/python3.13/site-packages/httpcore/_backends/auto.py", line 31, in connect_tcp
    return await self._backend.connect_tcp(
           ^^^^^^^^^^^^^^^^^^^^^^^^^^^^^^^^
    ...<5 lines>...
    )
    ^
  File "/home/altmemy/.local/lib/python3.13/site-packages/httpcore/_backends/anyio.py", line 113, in connect_tcp
    with map_exceptions(exc_map):
         ~~~~~~~~~~~~~~^^^^^^^^^
  File "/usr/lib64/python3.13/contextlib.py", line 162, in __exit__
    self.gen.throw(value)
    ~~~~~~~~~~~~~~^^^^^^^
  File "/home/altmemy/.local/lib/python3.13/site-packages/httpcore/_exceptions.py", line 14, in map_exceptions
    raise to_exc(exc) from exc
httpcore.ConnectError: [Errno -2] Name or service not known

The above exception was the direct cause of the following exception:

Traceback (most recent call last):
  File "/home/altmemy/.local/lib/python3.13/site-packages/telegram/request/_httpxrequest.py", line 273, in do_request
    res = await self._client.request(
          ^^^^^^^^^^^^^^^^^^^^^^^^^^^
    ...<6 lines>...
    )
    ^
  File "/home/altmemy/.local/lib/python3.13/site-packages/httpx/_client.py", line 1540, in request
    return await self.send(request, auth=auth, follow_redirects=follow_redirects)
           ^^^^^^^^^^^^^^^^^^^^^^^^^^^^^^^^^^^^^^^^^^^^^^^^^^^^^^^^^^^^^^^^^^^^^^
  File "/home/altmemy/.local/lib/python3.13/site-packages/httpx/_client.py", line 1629, in send
    response = await self._send_handling_auth(
               ^^^^^^^^^^^^^^^^^^^^^^^^^^^^^^^
    ...<4 lines>...
    )
    ^
  File "/home/altmemy/.local/lib/python3.13/site-packages/httpx/_client.py", line 1657, in _send_handling_auth
    response = await self._send_handling_redirects(
               ^^^^^^^^^^^^^^^^^^^^^^^^^^^^^^^^^^^^
    ...<3 lines>...
    )
    ^
  File "/home/altmemy/.local/lib/python3.13/site-packages/httpx/_client.py", line 1694, in _send_handling_redirects
    response = await self._send_single_request(request)
               ^^^^^^^^^^^^^^^^^^^^^^^^^^^^^^^^^^^^^^^^
  File "/home/altmemy/.local/lib/python3.13/site-packages/httpx/_client.py", line 1730, in _send_single_request
    response = await transport.handle_async_request(request)
               ^^^^^^^^^^^^^^^^^^^^^^^^^^^^^^^^^^^^^^^^^^^^^
  File "/home/altmemy/.local/lib/python3.13/site-packages/httpx/_transports/default.py", line 393, in handle_async_request
    with map_httpcore_exceptions():
         ~~~~~~~~~~~~~~~~~~~~~~~^^
  File "/usr/lib64/python3.13/contextlib.py", line 162, in __exit__
    self.gen.throw(value)
    ~~~~~~~~~~~~~~^^^^^^^
  File "/home/altmemy/.local/lib/python3.13/site-packages/httpx/_transports/default.py", line 118, in map_httpcore_exceptions
    raise mapped_exc(message) from exc
httpx.ConnectError: [Errno -2] Name or service not known

The above exception was the direct cause of the following exception:

Traceback (most recent call last):
  File "/home/altmemy/.local/lib/python3.13/site-packages/telegram/ext/_utils/networkloop.py", line 115, in network_retry_loop
    if not await do_action():
           ^^^^^^^^^^^^^^^^^
  File "/home/altmemy/.local/lib/python3.13/site-packages/telegram/ext/_utils/networkloop.py", line 108, in do_action
    return action_cb_task.result()
           ~~~~~~~~~~~~~~~~~~~~~^^
  File "/home/altmemy/.local/lib/python3.13/site-packages/telegram/ext/_updater.py", line 340, in polling_action_cb
    updates = await self.bot.get_updates(
              ^^^^^^^^^^^^^^^^^^^^^^^^^^^
    ...<3 lines>...
    )
    ^
  File "/home/altmemy/.local/lib/python3.13/site-packages/telegram/ext/_extbot.py", line 670, in get_updates
    updates = await super().get_updates(
              ^^^^^^^^^^^^^^^^^^^^^^^^^^
    ...<9 lines>...
    )
    ^
  File "/home/altmemy/.local/lib/python3.13/site-packages/telegram/_bot.py", line 4611, in get_updates
    await self._post(
    ^^^^^^^^^^^^^^^^^
    ...<7 lines>...
    ),
    ^
  File "/home/altmemy/.local/lib/python3.13/site-packages/telegram/_bot.py", line 698, in _post
    return await self._do_post(
           ^^^^^^^^^^^^^^^^^^^^
    ...<6 lines>...
    )
    ^
  File "/home/altmemy/.local/lib/python3.13/site-packages/telegram/ext/_extbot.py", line 370, in _do_post
    return await super()._do_post(
           ^^^^^^^^^^^^^^^^^^^^^^^
    ...<6 lines>...
    )
    ^
  File "/home/altmemy/.local/lib/python3.13/site-packages/telegram/_bot.py", line 727, in _do_post
    result = await request.post(
             ^^^^^^^^^^^^^^^^^^^
    ...<6 lines>...
    )
    ^
  File "/home/altmemy/.local/lib/python3.13/site-packages/telegram/request/_baserequest.py", line 197, in post
    result = await self._request_wrapper(
             ^^^^^^^^^^^^^^^^^^^^^^^^^^^^
    ...<7 lines>...
    )
    ^
  File "/home/altmemy/.local/lib/python3.13/site-packages/telegram/request/_baserequest.py", line 304, in _request_wrapper
    code, payload = await self.do_request(
                    ^^^^^^^^^^^^^^^^^^^^^^
    ...<7 lines>...
    )
    ^
  File "/home/altmemy/.local/lib/python3.13/site-packages/telegram/request/_httpxrequest.py", line 297, in do_request
    raise NetworkError(f"httpx.{err.__class__.__name__}: {err}") from err
telegram.error.NetworkError: httpx.ConnectError: [Errno -2] Name or service not known
2025-08-23 01:37:35 [ERROR] bot.core.error_handler (error_handler.py:186) - Could not send error to admin 154732616: httpx.ConnectError: [Errno -2] Name or service not known
2025-08-23 01:37:37 [ERROR] bot.core.error_handler (error_handler.py:51) - Exception while handling an update:
Traceback (most recent call last):
  File "/home/altmemy/.local/lib/python3.13/site-packages/httpx/_transports/default.py", line 101, in map_httpcore_exceptions
    yield
  File "/home/altmemy/.local/lib/python3.13/site-packages/httpx/_transports/default.py", line 394, in handle_async_request
    resp = await self._pool.handle_async_request(req)
           ^^^^^^^^^^^^^^^^^^^^^^^^^^^^^^^^^^^^^^^^^^
  File "/home/altmemy/.local/lib/python3.13/site-packages/httpcore/_async/connection_pool.py", line 256, in handle_async_request
    raise exc from None
  File "/home/altmemy/.local/lib/python3.13/site-packages/httpcore/_async/connection_pool.py", line 236, in handle_async_request
    response = await connection.handle_async_request(
               ^^^^^^^^^^^^^^^^^^^^^^^^^^^^^^^^^^^^^^
        pool_request.request
        ^^^^^^^^^^^^^^^^^^^^
    )
    ^
  File "/home/altmemy/.local/lib/python3.13/site-packages/httpcore/_async/connection.py", line 101, in handle_async_request
    raise exc
  File "/home/altmemy/.local/lib/python3.13/site-packages/httpcore/_async/connection.py", line 78, in handle_async_request
    stream = await self._connect(request)
             ^^^^^^^^^^^^^^^^^^^^^^^^^^^^
  File "/home/altmemy/.local/lib/python3.13/site-packages/httpcore/_async/connection.py", line 124, in _connect
    stream = await self._network_backend.connect_tcp(**kwargs)
             ^^^^^^^^^^^^^^^^^^^^^^^^^^^^^^^^^^^^^^^^^^^^^^^^^
  File "/home/altmemy/.local/lib/python3.13/site-packages/httpcore/_backends/auto.py", line 31, in connect_tcp
    return await self._backend.connect_tcp(
           ^^^^^^^^^^^^^^^^^^^^^^^^^^^^^^^^
    ...<5 lines>...
    )
    ^
  File "/home/altmemy/.local/lib/python3.13/site-packages/httpcore/_backends/anyio.py", line 113, in connect_tcp
    with map_exceptions(exc_map):
         ~~~~~~~~~~~~~~^^^^^^^^^
  File "/usr/lib64/python3.13/contextlib.py", line 162, in __exit__
    self.gen.throw(value)
    ~~~~~~~~~~~~~~^^^^^^^
  File "/home/altmemy/.local/lib/python3.13/site-packages/httpcore/_exceptions.py", line 14, in map_exceptions
    raise to_exc(exc) from exc
httpcore.ConnectError: [Errno -2] Name or service not known

The above exception was the direct cause of the following exception:

Traceback (most recent call last):
  File "/home/altmemy/.local/lib/python3.13/site-packages/telegram/request/_httpxrequest.py", line 273, in do_request
    res = await self._client.request(
          ^^^^^^^^^^^^^^^^^^^^^^^^^^^
    ...<6 lines>...
    )
    ^
  File "/home/altmemy/.local/lib/python3.13/site-packages/httpx/_client.py", line 1540, in request
    return await self.send(request, auth=auth, follow_redirects=follow_redirects)
           ^^^^^^^^^^^^^^^^^^^^^^^^^^^^^^^^^^^^^^^^^^^^^^^^^^^^^^^^^^^^^^^^^^^^^^
  File "/home/altmemy/.local/lib/python3.13/site-packages/httpx/_client.py", line 1629, in send
    response = await self._send_handling_auth(
               ^^^^^^^^^^^^^^^^^^^^^^^^^^^^^^^
    ...<4 lines>...
    )
    ^
  File "/home/altmemy/.local/lib/python3.13/site-packages/httpx/_client.py", line 1657, in _send_handling_auth
    response = await self._send_handling_redirects(
               ^^^^^^^^^^^^^^^^^^^^^^^^^^^^^^^^^^^^
    ...<3 lines>...
    )
    ^
  File "/home/altmemy/.local/lib/python3.13/site-packages/httpx/_client.py", line 1694, in _send_handling_redirects
    response = await self._send_single_request(request)
               ^^^^^^^^^^^^^^^^^^^^^^^^^^^^^^^^^^^^^^^^
  File "/home/altmemy/.local/lib/python3.13/site-packages/httpx/_client.py", line 1730, in _send_single_request
    response = await transport.handle_async_request(request)
               ^^^^^^^^^^^^^^^^^^^^^^^^^^^^^^^^^^^^^^^^^^^^^
  File "/home/altmemy/.local/lib/python3.13/site-packages/httpx/_transports/default.py", line 393, in handle_async_request
    with map_httpcore_exceptions():
         ~~~~~~~~~~~~~~~~~~~~~~~^^
  File "/usr/lib64/python3.13/contextlib.py", line 162, in __exit__
    self.gen.throw(value)
    ~~~~~~~~~~~~~~^^^^^^^
  File "/home/altmemy/.local/lib/python3.13/site-packages/httpx/_transports/default.py", line 118, in map_httpcore_exceptions
    raise mapped_exc(message) from exc
httpx.ConnectError: [Errno -2] Name or service not known

The above exception was the direct cause of the following exception:

Traceback (most recent call last):
  File "/home/altmemy/.local/lib/python3.13/site-packages/telegram/ext/_utils/networkloop.py", line 115, in network_retry_loop
    if not await do_action():
           ^^^^^^^^^^^^^^^^^
  File "/home/altmemy/.local/lib/python3.13/site-packages/telegram/ext/_utils/networkloop.py", line 108, in do_action
    return action_cb_task.result()
           ~~~~~~~~~~~~~~~~~~~~~^^
  File "/home/altmemy/.local/lib/python3.13/site-packages/telegram/ext/_updater.py", line 340, in polling_action_cb
    updates = await self.bot.get_updates(
              ^^^^^^^^^^^^^^^^^^^^^^^^^^^
    ...<3 lines>...
    )
    ^
  File "/home/altmemy/.local/lib/python3.13/site-packages/telegram/ext/_extbot.py", line 670, in get_updates
    updates = await super().get_updates(
              ^^^^^^^^^^^^^^^^^^^^^^^^^^
    ...<9 lines>...
    )
    ^
  File "/home/altmemy/.local/lib/python3.13/site-packages/telegram/_bot.py", line 4611, in get_updates
    await self._post(
    ^^^^^^^^^^^^^^^^^
    ...<7 lines>...
    ),
    ^
  File "/home/altmemy/.local/lib/python3.13/site-packages/telegram/_bot.py", line 698, in _post
    return await self._do_post(
           ^^^^^^^^^^^^^^^^^^^^
    ...<6 lines>...
    )
    ^
  File "/home/altmemy/.local/lib/python3.13/site-packages/telegram/ext/_extbot.py", line 370, in _do_post
    return await super()._do_post(
           ^^^^^^^^^^^^^^^^^^^^^^^
    ...<6 lines>...
    )
    ^
  File "/home/altmemy/.local/lib/python3.13/site-packages/telegram/_bot.py", line 727, in _do_post
    result = await request.post(
             ^^^^^^^^^^^^^^^^^^^
    ...<6 lines>...
    )
    ^
  File "/home/altmemy/.local/lib/python3.13/site-packages/telegram/request/_baserequest.py", line 197, in post
    result = await self._request_wrapper(
             ^^^^^^^^^^^^^^^^^^^^^^^^^^^^
    ...<7 lines>...
    )
    ^
  File "/home/altmemy/.local/lib/python3.13/site-packages/telegram/request/_baserequest.py", line 304, in _request_wrapper
    code, payload = await self.do_request(
                    ^^^^^^^^^^^^^^^^^^^^^^
    ...<7 lines>...
    )
    ^
  File "/home/altmemy/.local/lib/python3.13/site-packages/telegram/request/_httpxrequest.py", line 297, in do_request
    raise NetworkError(f"httpx.{err.__class__.__name__}: {err}") from err
telegram.error.NetworkError: httpx.ConnectError: [Errno -2] Name or service not known
2025-08-23 01:37:37 [ERROR] bot.core.error_handler (error_handler.py:186) - Could not send error to admin 154732616: httpx.ConnectError: [Errno -2] Name or service not known
